<?xml version="1.0" encoding="UTF-8"?>
<!-- Generated by org.testng.reporters.JUnitXMLReporter -->
<testsuite ignored="0" hostname="Rajesh-Vanacharla" failures="0" tests="3" name="Test" time="17.543" errors="0" timestamp="2023-09-04T17:40:47 IST">
  <testcase classname="PracticeSelenium.test1" name="google_test" time="5.67"/>
  <testcase classname="PracticeSelenium.test2" name="firefox_test" time="4.433"/>
  <testcase classname="PracticeSelenium.test3" name="firefox_test" time="7.388"/>
</testsuite> <!-- Test -->
