<?xml version="1.0" encoding="UTF-8"?>
<testng-results ignored="0" total="3" passed="3" failed="0" skipped="0">
  <reporter-output>
  </reporter-output>
  <suite started-at="2023-09-04T17:40:30 IST" name="Suite" finished-at="2023-09-04T17:40:47 IST" duration-ms="17543">
    <groups>
    </groups>
    <test started-at="2023-09-04T17:40:30 IST" name="Test" finished-at="2023-09-04T17:40:47 IST" duration-ms="17543">
      <class name="PracticeSelenium.test3">
        <test-method signature="firefox_test()[pri:0, instance:PracticeSelenium.test3@6e6f2380]" started-at="2023-09-04T17:40:40 IST" name="firefox_test" description="Firefox Test" finished-at="2023-09-04T17:40:47 IST" duration-ms="7388" status="PASS">
          <reporter-output>
          </reporter-output>
        </test-method> <!-- firefox_test -->
      </class> <!-- PracticeSelenium.test3 -->
      <class name="PracticeSelenium.test1">
        <test-method signature="google_test()[pri:0, instance:PracticeSelenium.test1@63376bed]" started-at="2023-09-04T17:40:30 IST" name="google_test" description="Chrome Test" finished-at="2023-09-04T17:40:35 IST" duration-ms="5670" status="PASS">
          <reporter-output>
          </reporter-output>
        </test-method> <!-- google_test -->
      </class> <!-- PracticeSelenium.test1 -->
      <class name="PracticeSelenium.test2">
        <test-method signature="firefox_test()[pri:0, instance:PracticeSelenium.test2@6892b3b6]" started-at="2023-09-04T17:40:35 IST" name="firefox_test" description="Chrome Test" finished-at="2023-09-04T17:40:40 IST" duration-ms="4433" status="PASS">
          <reporter-output>
          </reporter-output>
        </test-method> <!-- firefox_test -->
      </class> <!-- PracticeSelenium.test2 -->
    </test> <!-- Test -->
  </suite> <!-- Suite -->
</testng-results>
