<?xml version="1.0" encoding="UTF-8"?>
<!-- Generated by org.testng.reporters.JUnitXMLReporter -->
<testsuite ignored="0" hostname="Rajesh-Vanacharla" failures="0" tests="3" name="Test" time="10.688" errors="0" timestamp="2023-09-04T23:22:15 IST">
  <testcase classname="PracticeSelenium.test1" name="google_test" time="2.392"/>
  <testcase classname="PracticeSelenium.test2" name="firefox_test" time="2.352"/>
  <testcase classname="PracticeSelenium.test3" name="firefox_test" time="5.892"/>
</testsuite> <!-- Test -->
