<?xml version="1.0" encoding="UTF-8"?>
<!-- Generated by org.testng.reporters.JUnitXMLReporter -->
<testsuite ignored="0" hostname="Rajesh-Vanacharla" failures="0" tests="3" name="Test" time="14.22" errors="0" timestamp="2023-09-05T10:34:54 IST">
  <testcase classname="PracticeSelenium.test1" name="google_test" time="5.38"/>
  <testcase classname="PracticeSelenium.test2" name="firefox_test" time="2.439"/>
  <testcase classname="PracticeSelenium.test3" name="firefox_test" time="6.354"/>
</testsuite> <!-- Test -->
